<?xml version="1.0" encoding="UTF-8"?>
<testsuite xmlns:xsi="http://www.w3.org/2001/XMLSchema-instance" xsi:noNamespaceSchemaLocation="https://maven.apache.org/surefire/maven-surefire-plugin/xsd/surefire-test-report.xsd" version="3.0.2" name="com.medtrack.tracking.Phase4AlertsAndReportsTest" time="8.211" tests="5" errors="0" skipped="0" failures="0" flakes="0">
  <properties>
[...]
</properties>
  <testcase name="testNotificationReadWorkflow" classname="com.medtrack.tracking.Phase4AlertsAndReportsTest" time="0.298">
    <system-out><![CDATA[03:42:20.736 [main] INFO org.springframework.test.context.support.AnnotationConfigContextLoaderUtils -- Could not detect default configuration classes for test class [com.medtrack.tracking.Phase4AlertsAndReportsTest]: Phase4AlertsAndReportsTest does not declare any static, non-private, non-final, nested classes annotated with @Configuration.
03:42:20.841 [main] INFO org.springframework.boot.test.context.SpringBootTestContextBootstrapper -- Found @SpringBootConfiguration com.medtrack.MedTrackApplication for test class com.medtrack.tracking.Phase4AlertsAndReportsTest
03:42:20.902 [main] INFO org.springframework.test.context.support.AnnotationConfigContextLoaderUtils -- Could not detect default configuration classes for test class [com.medtrack.tracking.Phase4AlertsAndReportsTest]: Phase4AlertsAndReportsTest does not declare any static, non-private, non-final, nested classes annotated with @Configuration.
03:42:20.904 [main] INFO org.springframework.boot.test.context.SpringBootTestContextBootstrapper -- Found @SpringBootConfiguration com.medtrack.MedTrackApplication for test class com.medtrack.tracking.Phase4AlertsAndReportsTest

  .   ____          _            __ _ _
 /\\ / ___'_ __ _ _(_)_ __  __ _ \ \ \ \
( ( )\___ | '_ | '_| | '_ \/ _` | \ \ \ \
 \\/  ___)| |_)| | | | | || (_| |  ) ) ) )
  '  |____| .__|_| |_|_| |_\__, | / / / /
 =========|_|==============|___/=/_/_/_/

 :: Spring Boot ::                (v4.1.1)

2026-08-27T03:42:21.166+05:30 INFO  [] [] [] c.m.t.Phase4AlertsAndReportsTest - Starting Phase4AlertsAndReportsTest using Java 25.0.4.1 with PID 27728 (started by S N Mallick in C:\Dev\Projects\Java\MedTrack\backend)
2026-08-27T03:42:21.167+05:30 INFO  [] [] [] c.m.t.Phase4AlertsAndReportsTest - No active profile set, falling back to 1 default profile: "default"
2026-08-27T03:42:21.866+05:30 INFO  [] [] [] o.s.d.r.c.RepositoryConfigurationDelegate - Bootstrapping Spring Data JPA repositories in DEFAULT mode.
2026-08-27T03:42:21.929+05:30 INFO  [] [] [] o.s.d.r.c.RepositoryConfigurationDelegate - Finished Spring Data repository scanning in 58 ms. Found 20 JPA repository interfaces.
2026-08-27T03:42:22.601+05:30 INFO  [] [] [] com.zaxxer.hikari.HikariDataSource - HikariPool-1 - Starting...
2026-08-27T03:42:22.731+05:30 INFO  [] [] [] com.zaxxer.hikari.pool.HikariPool - HikariPool-1 - Added connection org.postgresql.jdbc.PgConnection@5e1e19af
2026-08-27T03:42:22.732+05:30 INFO  [] [] [] com.zaxxer.hikari.HikariDataSource - HikariPool-1 - Start completed.
2026-08-27T03:42:22.749+05:30 INFO  [] [] [] org.flywaydb.core.FlywayExecutor - Database: jdbc:postgresql://localhost:5432/medtrack (PostgreSQL 18.6)
2026-08-27T03:42:22.822+05:30 INFO  [] [] [] o.f.core.internal.command.DbValidate - Successfully validated 7 migrations (execution time 00:00.036s)
2026-08-27T03:42:22.860+05:30 INFO  [] [] [] o.f.core.internal.command.DbMigrate - Current version of schema "public": 7
2026-08-27T03:42:22.863+05:30 INFO  [] [] [] o.f.core.internal.command.DbMigrate - Schema "public" is up to date. No migration necessary.
2026-08-27T03:42:22.990+05:30 INFO  [] [] [] org.hibernate.orm.jpa - HHH008540: Processing PersistenceUnitInfo [name: default]
2026-08-27T03:42:23.041+05:30 INFO  [] [] [] org.hibernate.orm.core - HHH000001: Hibernate ORM core version 7.4.5.Final
2026-08-27T03:42:23.300+05:30 INFO  [] [] [] o.s.o.j.p.SpringPersistenceUnitInfo - No LoadTimeWeaver setup: ignoring JPA class transformer
2026-08-27T03:42:23.370+05:30 INFO  [] [] [] o.hibernate.orm.connections.pooling - HHH10001005: Database info:
	Database JDBC URL [jdbc:postgresql://localhost:5432/medtrack]
	Database driver: PostgreSQL JDBC Driver
	Database dialect: PostgreSQLDialect
	Database version: 18.6
	Default catalog/schema: medtrack/public
	Autocommit mode: undefined/unknown
	Isolation level: READ_COMMITTED [default READ_COMMITTED]
	JDBC fetch size: none
	Pool: DataSourceConnectionProvider
	Minimum pool size: undefined/unknown
	Maximum pool size: undefined/unknown
2026-08-27T03:42:24.739+05:30 INFO  [] [] [] org.hibernate.orm.core - HHH000489: No JTA platform available (set 'hibernate.transaction.jta.platform' to enable JTA platform integration)
2026-08-27T03:42:24.798+05:30 INFO  [] [] [] o.s.o.j.LocalContainerEntityManagerFactoryBean - Initialized JPA EntityManagerFactory for persistence unit 'default'
2026-08-27T03:42:24.891+05:30 INFO  [] [] [] o.s.d.j.r.q.QueryEnhancerFactories - Hibernate is in classpath; If applicable, HQL parser will be used.
2026-08-27T03:42:26.584+05:30 WARN  [] [] [] o.s.b.s.a.UserDetailsServiceAutoConfiguration - 

Using generated security password: 8c1935de-b515-43c6-adc6-ca3b62ee7de5

This generated password is for development use only. Your security configuration must be updated before running your application in production.

2026-08-27T03:42:26.590+05:30 INFO  [] [] [] o.s.s.c.a.a.c.InitializeUserDetailsBeanManagerConfigurer$InitializeUserDetailsManagerConfigurer - Global AuthenticationManager configured with UserDetailsService bean with name inMemoryUserDetailsManager
2026-08-27T03:42:26.953+05:30 INFO  [] [] [] o.s.b.a.e.web.EndpointLinksResolver - Exposing 1 endpoint beneath base path '/actuator'
2026-08-27T03:42:27.354+05:30 INFO  [] [] [] c.m.t.Phase4AlertsAndReportsTest - Started Phase4AlertsAndReportsTest in 6.414 seconds (process running for 7.983)
]]></system-out>
  </testcase>
  <testcase name="testShipmentDelayAlertEngineAndDeduplication" classname="com.medtrack.tracking.Phase4AlertsAndReportsTest" time="0.626"/>
  <testcase name="testQrCodeGenerationAndDecodingContract" classname="com.medtrack.tracking.Phase4AlertsAndReportsTest" time="0.173"/>
  <testcase name="testExpiryAlertEngineAndDeduplication" classname="com.medtrack.tracking.Phase4AlertsAndReportsTest" time="0.177"/>
  <testcase name="testExpiryReportAndCsvExport" classname="com.medtrack.tracking.Phase4AlertsAndReportsTest" time="0.103"/>
</testsuite>